<?xml version="1.0" encoding="UTF-8"?>
<testsuite xmlns:xsi="http://www.w3.org/2001/XMLSchema-instance" xsi:noNamespaceSchemaLocation="https://maven.apache.org/surefire/maven-surefire-plugin/xsd/surefire-test-report.xsd" name="myfs.TestFileSystem" time="0.264" tests="5" errors="0" skipped="0" failures="0">
  <properties>
    <property name="sun.desktop" value="windows"/>
    <property name="awt.toolkit" value="sun.awt.windows.WToolkit"/>
    <property name="java.specification.version" value="11"/>
    <property name="sun.cpu.isalist" value="amd64"/>
    <property name="sun.jnu.encoding" value="Cp1252"/>
    <property name="java.class.path" value="C:\Users\Nathanaël\Documents\GitHub\C5-260121-INFO\TP4\etape1\target\test-classes;C:\Users\Nathanaël\Documents\GitHub\C5-260121-INFO\TP4\etape1\target\classes;C:\Users\Nathanaël\.m2\repository\org\codehaus\mojo\jaxb2-maven-plugin\2.5.0\jaxb2-maven-plugin-2.5.0.jar;C:\Users\Nathanaël\.m2\repository\org\glassfish\jaxb\jaxb-xjc\2.3.2\jaxb-xjc-2.3.2.jar;C:\Users\Nathanaël\.m2\repository\org\glassfish\jaxb\jaxb-runtime\2.3.2\jaxb-runtime-2.3.2.jar;C:\Users\Nathanaël\.m2\repository\jakarta\xml\bind\jakarta.xml.bind-api\2.3.2\jakarta.xml.bind-api-2.3.2.jar;C:\Users\Nathanaël\.m2\repository\org\jvnet\staxex\stax-ex\1.8.1\stax-ex-1.8.1.jar;C:\Users\Nathanaël\.m2\repository\com\sun\xml\fastinfoset\FastInfoset\1.2.16\FastInfoset-1.2.16.jar;C:\Users\Nathanaël\.m2\repository\org\glassfish\jaxb\xsom\2.3.2\xsom-2.3.2.jar;C:\Users\Nathanaël\.m2\repository\org\glassfish\jaxb\codemodel\2.3.2\codemodel-2.3.2.jar;C:\Users\Nathanaël\.m2\repository\com\sun\xml\bind\external\rngom\2.3.2\rngom-2.3.2.jar;C:\Users\Nathanaël\.m2\repository\com\sun\xml\dtd-parser\dtd-parser\1.4.1\dtd-parser-1.4.1.jar;C:\Users\Nathanaël\.m2\repository\com\sun\istack\istack-commons-tools\3.0.8\istack-commons-tools-3.0.8.jar;C:\Users\Nathanaël\.m2\repository\org\apache\ant\ant\1.10.5\ant-1.10.5.jar;C:\Users\Nathanaël\.m2\repository\org\apache\ant\ant-launcher\1.10.5\ant-launcher-1.10.5.jar;C:\Users\Nathanaël\.m2\repository\com\sun\xml\bind\external\relaxng-datatype\2.3.2\relaxng-datatype-2.3.2.jar;C:\Users\Nathanaël\.m2\repository\org\glassfish\jaxb\jaxb-jxc\2.3.2\jaxb-jxc-2.3.2.jar;C:\Users\Nathanaël\.m2\repository\org\glassfish\jaxb\txw2\2.3.2\txw2-2.3.2.jar;C:\Users\Nathanaël\.m2\repository\com\thoughtworks\qdox\qdox\2.0-M10\qdox-2.0-M10.jar;C:\Users\Nathanaël\.m2\repository\org\apache\maven\maven-plugin-api\3.0.5\maven-plugin-api-3.0.5.jar;C:\Users\Nathanaël\.m2\repository\org\sonatype\sisu\sisu-inject-plexus\2.3.0\sisu-inject-plexus-2.3.0.jar;C:\Users\Nathanaël\.m2\repository\org\sonatype\sisu\sisu-inject-bean\2.3.0\sisu-inject-bean-2.3.0.jar;C:\Users\Nathanaël\.m2\repository\org\sonatype\sisu\sisu-guice\3.1.0\sisu-guice-3.1.0-no_aop.jar;C:\Users\Nathanaël\.m2\repository\org\sonatype\sisu\sisu-guava\0.9.9\sisu-guava-0.9.9.jar;C:\Users\Nathanaël\.m2\repository\org\apache\maven\maven-core\3.0.5\maven-core-3.0.5.jar;C:\Users\Nathanaël\.m2\repository\org\apache\maven\maven-settings\3.0.5\maven-settings-3.0.5.jar;C:\Users\Nathanaël\.m2\repository\org\apache\maven\maven-settings-builder\3.0.5\maven-settings-builder-3.0.5.jar;C:\Users\Nathanaël\.m2\repository\org\apache\maven\maven-repository-metadata\3.0.5\maven-repository-metadata-3.0.5.jar;C:\Users\Nathanaël\.m2\repository\org\apache\maven\maven-model-builder\3.0.5\maven-model-builder-3.0.5.jar;C:\Users\Nathanaël\.m2\repository\org\apache\maven\maven-aether-provider\3.0.5\maven-aether-provider-3.0.5.jar;C:\Users\Nathanaël\.m2\repository\org\sonatype\aether\aether-spi\1.13.1\aether-spi-1.13.1.jar;C:\Users\Nathanaël\.m2\repository\org\sonatype\aether\aether-impl\1.13.1\aether-impl-1.13.1.jar;C:\Users\Nathanaël\.m2\repository\org\sonatype\aether\aether-api\1.13.1\aether-api-1.13.1.jar;C:\Users\Nathanaël\.m2\repository\org\sonatype\aether\aether-util\1.13.1\aether-util-1.13.1.jar;C:\Users\Nathanaël\.m2\repository\org\codehaus\plexus\plexus-interpolation\1.14\plexus-interpolation-1.14.jar;C:\Users\Nathanaël\.m2\repository\org\codehaus\plexus\plexus-classworlds\2.4\plexus-classworlds-2.4.jar;C:\Users\Nathanaël\.m2\repository\org\codehaus\plexus\plexus-component-annotations\1.5.5\plexus-component-annotations-1.5.5.jar;C:\Users\Nathanaël\.m2\repository\org\sonatype\plexus\plexus-sec-dispatcher\1.3\plexus-sec-dispatcher-1.3.jar;C:\Users\Nathanaël\.m2\repository\org\sonatype\plexus\plexus-cipher\1.4\plexus-cipher-1.4.jar;C:\Users\Nathanaël\.m2\repository\org\apache\maven\maven-artifact\3.0.5\maven-artifact-3.0.5.jar;C:\Users\Nathanaël\.m2\repository\org\apache\maven\maven-model\3.0.5\maven-model-3.0.5.jar;C:\Users\Nathanaël\.m2\repository\org\apache\maven\skins\maven-fluido-skin\1.6\maven-fluido-skin-1.6.jar;C:\Users\Nathanaël\.m2\repository\org\codehaus\plexus\plexus-compiler-api\2.5\plexus-compiler-api-2.5.jar;C:\Users\Nathanaël\.m2\repository\org\codehaus\plexus\plexus-utils\3.1.0\plexus-utils-3.1.0.jar;C:\Users\Nathanaël\.m2\repository\org\sonatype\plexus\plexus-build-api\0.0.7\plexus-build-api-0.0.7.jar;C:\Users\Nathanaël\.m2\repository\com\sun\istack\istack-commons-runtime\3.0.8\istack-commons-runtime-3.0.8.jar;C:\Users\Nathanaël\.m2\repository\jakarta\activation\jakarta.activation-api\1.2.1\jakarta.activation-api-1.2.1.jar;C:\Users\Nathanaël\.m2\repository\org\junit\jupiter\junit-jupiter-api\5.4.2\junit-jupiter-api-5.4.2.jar;C:\Users\Nathanaël\.m2\repository\org\apiguardian\apiguardian-api\1.0.0\apiguardian-api-1.0.0.jar;C:\Users\Nathanaël\.m2\repository\org\opentest4j\opentest4j\1.1.1\opentest4j-1.1.1.jar;C:\Users\Nathanaël\.m2\repository\org\junit\platform\junit-platform-commons\1.4.2\junit-platform-commons-1.4.2.jar;C:\Users\Nathanaël\.m2\repository\org\junit\jupiter\junit-jupiter-engine\5.4.2\junit-jupiter-engine-5.4.2.jar;C:\Users\Nathanaël\.m2\repository\org\junit\platform\junit-platform-engine\1.4.2\junit-platform-engine-1.4.2.jar;"/>
    <property name="java.vm.vendor" value="Eclipse Foundation"/>
    <property name="sun.arch.data.model" value="64"/>
    <property name="user.variant" value=""/>
    <property name="java.vendor.url" value="https://adoptium.net/"/>
    <property name="user.timezone" value="Europe/Berlin"/>
    <property name="java.vm.specification.version" value="11"/>
    <property name="os.name" value="Windows 10"/>
    <property name="sun.java.launcher" value="SUN_STANDARD"/>
    <property name="user.country" value="FR"/>
    <property name="sun.boot.library.path" value="C:\Program Files\Eclipse Foundation\jdk-11.0.12.7-hotspot\bin"/>
    <property name="sun.java.command" value="C:\Users\NATHAN~1\AppData\Local\Temp\surefire14267363716312149868\surefirebooter2275144369958986635.jar C:\Users\Nathanaël\AppData\Local\Temp\surefire14267363716312149868 2021-10-01T10-12-51_148-jvmRun1 surefire2596567096277039306tmp surefire_02766622998152001680tmp"/>
    <property name="jdk.debug" value="release"/>
    <property name="surefire.test.class.path" value="C:\Users\Nathanaël\Documents\GitHub\C5-260121-INFO\TP4\etape1\target\test-classes;C:\Users\Nathanaël\Documents\GitHub\C5-260121-INFO\TP4\etape1\target\classes;C:\Users\Nathanaël\.m2\repository\org\codehaus\mojo\jaxb2-maven-plugin\2.5.0\jaxb2-maven-plugin-2.5.0.jar;C:\Users\Nathanaël\.m2\repository\org\glassfish\jaxb\jaxb-xjc\2.3.2\jaxb-xjc-2.3.2.jar;C:\Users\Nathanaël\.m2\repository\org\glassfish\jaxb\jaxb-runtime\2.3.2\jaxb-runtime-2.3.2.jar;C:\Users\Nathanaël\.m2\repository\jakarta\xml\bind\jakarta.xml.bind-api\2.3.2\jakarta.xml.bind-api-2.3.2.jar;C:\Users\Nathanaël\.m2\repository\org\jvnet\staxex\stax-ex\1.8.1\stax-ex-1.8.1.jar;C:\Users\Nathanaël\.m2\repository\com\sun\xml\fastinfoset\FastInfoset\1.2.16\FastInfoset-1.2.16.jar;C:\Users\Nathanaël\.m2\repository\org\glassfish\jaxb\xsom\2.3.2\xsom-2.3.2.jar;C:\Users\Nathanaël\.m2\repository\org\glassfish\jaxb\codemodel\2.3.2\codemodel-2.3.2.jar;C:\Users\Nathanaël\.m2\repository\com\sun\xml\bind\external\rngom\2.3.2\rngom-2.3.2.jar;C:\Users\Nathanaël\.m2\repository\com\sun\xml\dtd-parser\dtd-parser\1.4.1\dtd-parser-1.4.1.jar;C:\Users\Nathanaël\.m2\repository\com\sun\istack\istack-commons-tools\3.0.8\istack-commons-tools-3.0.8.jar;C:\Users\Nathanaël\.m2\repository\org\apache\ant\ant\1.10.5\ant-1.10.5.jar;C:\Users\Nathanaël\.m2\repository\org\apache\ant\ant-launcher\1.10.5\ant-launcher-1.10.5.jar;C:\Users\Nathanaël\.m2\repository\com\sun\xml\bind\external\relaxng-datatype\2.3.2\relaxng-datatype-2.3.2.jar;C:\Users\Nathanaël\.m2\repository\org\glassfish\jaxb\jaxb-jxc\2.3.2\jaxb-jxc-2.3.2.jar;C:\Users\Nathanaël\.m2\repository\org\glassfish\jaxb\txw2\2.3.2\txw2-2.3.2.jar;C:\Users\Nathanaël\.m2\repository\com\thoughtworks\qdox\qdox\2.0-M10\qdox-2.0-M10.jar;C:\Users\Nathanaël\.m2\repository\org\apache\maven\maven-plugin-api\3.0.5\maven-plugin-api-3.0.5.jar;C:\Users\Nathanaël\.m2\repository\org\sonatype\sisu\sisu-inject-plexus\2.3.0\sisu-inject-plexus-2.3.0.jar;C:\Users\Nathanaël\.m2\repository\org\sonatype\sisu\sisu-inject-bean\2.3.0\sisu-inject-bean-2.3.0.jar;C:\Users\Nathanaël\.m2\repository\org\sonatype\sisu\sisu-guice\3.1.0\sisu-guice-3.1.0-no_aop.jar;C:\Users\Nathanaël\.m2\repository\org\sonatype\sisu\sisu-guava\0.9.9\sisu-guava-0.9.9.jar;C:\Users\Nathanaël\.m2\repository\org\apache\maven\maven-core\3.0.5\maven-core-3.0.5.jar;C:\Users\Nathanaël\.m2\repository\org\apache\maven\maven-settings\3.0.5\maven-settings-3.0.5.jar;C:\Users\Nathanaël\.m2\repository\org\apache\maven\maven-settings-builder\3.0.5\maven-settings-builder-3.0.5.jar;C:\Users\Nathanaël\.m2\repository\org\apache\maven\maven-repository-metadata\3.0.5\maven-repository-metadata-3.0.5.jar;C:\Users\Nathanaël\.m2\repository\org\apache\maven\maven-model-builder\3.0.5\maven-model-builder-3.0.5.jar;C:\Users\Nathanaël\.m2\repository\org\apache\maven\maven-aether-provider\3.0.5\maven-aether-provider-3.0.5.jar;C:\Users\Nathanaël\.m2\repository\org\sonatype\aether\aether-spi\1.13.1\aether-spi-1.13.1.jar;C:\Users\Nathanaël\.m2\repository\org\sonatype\aether\aether-impl\1.13.1\aether-impl-1.13.1.jar;C:\Users\Nathanaël\.m2\repository\org\sonatype\aether\aether-api\1.13.1\aether-api-1.13.1.jar;C:\Users\Nathanaël\.m2\repository\org\sonatype\aether\aether-util\1.13.1\aether-util-1.13.1.jar;C:\Users\Nathanaël\.m2\repository\org\codehaus\plexus\plexus-interpolation\1.14\plexus-interpolation-1.14.jar;C:\Users\Nathanaël\.m2\repository\org\codehaus\plexus\plexus-classworlds\2.4\plexus-classworlds-2.4.jar;C:\Users\Nathanaël\.m2\repository\org\codehaus\plexus\plexus-component-annotations\1.5.5\plexus-component-annotations-1.5.5.jar;C:\Users\Nathanaël\.m2\repository\org\sonatype\plexus\plexus-sec-dispatcher\1.3\plexus-sec-dispatcher-1.3.jar;C:\Users\Nathanaël\.m2\repository\org\sonatype\plexus\plexus-cipher\1.4\plexus-cipher-1.4.jar;C:\Users\Nathanaël\.m2\repository\org\apache\maven\maven-artifact\3.0.5\maven-artifact-3.0.5.jar;C:\Users\Nathanaël\.m2\repository\org\apache\maven\maven-model\3.0.5\maven-model-3.0.5.jar;C:\Users\Nathanaël\.m2\repository\org\apache\maven\skins\maven-fluido-skin\1.6\maven-fluido-skin-1.6.jar;C:\Users\Nathanaël\.m2\repository\org\codehaus\plexus\plexus-compiler-api\2.5\plexus-compiler-api-2.5.jar;C:\Users\Nathanaël\.m2\repository\org\codehaus\plexus\plexus-utils\3.1.0\plexus-utils-3.1.0.jar;C:\Users\Nathanaël\.m2\repository\org\sonatype\plexus\plexus-build-api\0.0.7\plexus-build-api-0.0.7.jar;C:\Users\Nathanaël\.m2\repository\com\sun\istack\istack-commons-runtime\3.0.8\istack-commons-runtime-3.0.8.jar;C:\Users\Nathanaël\.m2\repository\jakarta\activation\jakarta.activation-api\1.2.1\jakarta.activation-api-1.2.1.jar;C:\Users\Nathanaël\.m2\repository\org\junit\jupiter\junit-jupiter-api\5.4.2\junit-jupiter-api-5.4.2.jar;C:\Users\Nathanaël\.m2\repository\org\apiguardian\apiguardian-api\1.0.0\apiguardian-api-1.0.0.jar;C:\Users\Nathanaël\.m2\repository\org\opentest4j\opentest4j\1.1.1\opentest4j-1.1.1.jar;C:\Users\Nathanaël\.m2\repository\org\junit\platform\junit-platform-commons\1.4.2\junit-platform-commons-1.4.2.jar;C:\Users\Nathanaël\.m2\repository\org\junit\jupiter\junit-jupiter-engine\5.4.2\junit-jupiter-engine-5.4.2.jar;C:\Users\Nathanaël\.m2\repository\org\junit\platform\junit-platform-engine\1.4.2\junit-platform-engine-1.4.2.jar;"/>
    <property name="sun.cpu.endian" value="little"/>
    <property name="user.home" value="C:\Users\Nathanaël"/>
    <property name="user.language" value="fr"/>
    <property name="java.specification.vendor" value="Oracle Corporation"/>
    <property name="java.version.date" value="2021-07-20"/>
    <property name="java.home" value="C:\Program Files\Eclipse Foundation\jdk-11.0.12.7-hotspot"/>
    <property name="file.separator" value="\"/>
    <property name="basedir" value="C:\Users\Nathanaël\Documents\GitHub\C5-260121-INFO\TP4\etape1"/>
    <property name="java.vm.compressedOopsMode" value="Zero based"/>
    <property name="line.separator" value="&#10;"/>
    <property name="java.specification.name" value="Java Platform API Specification"/>
    <property name="java.vm.specification.vendor" value="Oracle Corporation"/>
    <property name="java.awt.graphicsenv" value="sun.awt.Win32GraphicsEnvironment"/>
    <property name="surefire.real.class.path" value="C:\Users\NATHAN~1\AppData\Local\Temp\surefire14267363716312149868\surefirebooter2275144369958986635.jar"/>
    <property name="user.script" value=""/>
    <property name="sun.management.compiler" value="HotSpot 64-Bit Tiered Compilers"/>
    <property name="java.runtime.version" value="11.0.12+7"/>
    <property name="user.name" value="Nathanaël"/>
    <property name="path.separator" value=";"/>
    <property name="os.version" value="10.0"/>
    <property name="java.runtime.name" value="OpenJDK Runtime Environment"/>
    <property name="file.encoding" value="Cp1252"/>
    <property name="java.vm.name" value="OpenJDK 64-Bit Server VM"/>
    <property name="java.vendor.version" value="Temurin-11.0.12+7"/>
    <property name="localRepository" value="C:\Users\Nathanaël\.m2\repository"/>
    <property name="java.vendor.url.bug" value="https://github.com/adoptium/adoptium-support/issues"/>
    <property name="java.io.tmpdir" value="C:\Users\NATHAN~1\AppData\Local\Temp\"/>
    <property name="java.version" value="11.0.12"/>
    <property name="user.dir" value="C:\Users\Nathanaël\Documents\GitHub\C5-260121-INFO\TP4\etape1"/>
    <property name="os.arch" value="amd64"/>
    <property name="java.vm.specification.name" value="Java Virtual Machine Specification"/>
    <property name="java.awt.printerjob" value="sun.awt.windows.WPrinterJob"/>
    <property name="sun.os.patch.level" value=""/>
    <property name="java.library.path" value="C:\Program Files\Eclipse Foundation\jdk-11.0.12.7-hotspot\bin;C:\Windows\Sun\Java\bin;C:\Windows\system32;C:\Windows;C:\Program Files\Common Files\Oracle\Java\javapath;C:\Program Files\Eclipse Foundation\jdk-11.0.12.7-hotspot\bin;C:\Program Files (x86)\Common Files\Oracle\Java\javapath;C:\Windows\system32;C:\Windows;C:\Windows\System32\Wbem;C:\Windows\System32\WindowsPowerShell\v1.0\;C:\Windows\System32\OpenSSH\;C:\Program Files (x86)\NVIDIA Corporation\PhysX\Common;C:\Program Files\NVIDIA Corporation\NVIDIA NvDLISR;C:\Program Files\Git\cmd;C:\Users\Nathanaël\Downloads\apache-maven-3.8.2-bin\apache-maven-3.8.2\bin;C:\Users\Nathanaël\AppData\Local\Microsoft\WindowsApps;C:\Users\Nathanaël\AppData\Local\Programs\Microsoft VS Code\bin;C:\Users\Nathanaël\AppData\Local\GitHubDesktop\bin;."/>
    <property name="java.vm.info" value="mixed mode"/>
    <property name="java.vendor" value="Eclipse Foundation"/>
    <property name="java.vm.version" value="11.0.12+7"/>
    <property name="sun.io.unicode.encoding" value="UnicodeLittle"/>
    <property name="java.class.version" value="55.0"/>
  </properties>
  <testcase name="emptyFS" classname="myfs.TestFileSystem" time="0.02"/>
  <testcase name="directoryWOName" classname="myfs.TestFileSystem" time="0"/>
  <testcase name="fileWOName" classname="myfs.TestFileSystem" time="0"/>
  <testcase name="schemaValidation" classname="myfs.TestFileSystem" time="0.004"/>
  <testcase name="TestFSOK" classname="myfs.TestFileSystem" time="0.016"/>
</testsuite>